have_library: checking for gdbm_open() in -lgdbm... -------------------- yes

"clang -o conftest -I../../.ext/include/x86_64-darwin17 -I../.././include -I../.././ext/gdbm -D_XOPEN_SOURCE -D_DARWIN_C_SOURCE -D_DARWIN_UNLIMITED_SELECT -D_REENTRANT   -O3 -ggdb3 -Wall -Wextra -Wno-unused-parameter -Wno-parentheses -Wno-long-long -Wno-missing-field-initializers -Wno-tautological-compare -Wno-parentheses-equality -Wno-constant-logical-operand -Wno-self-assign -Wunused-variable -Wimplicit-int -Wpointer-arith -Wwrite-strings -Wdeclaration-after-statement -Wshorten-64-to-32 -Wimplicit-function-declaration -Wdivision-by-zero -Wdeprecated-declarations -Wextra-tokens  -pipe conftest.c  -L. -L../.. -L. -fstack-protector -L/usr/local/lib     -lruby.2.5.1-static -framework Foundation  -lpthread -lgmp -ldl -lobjc "
ld: warning: text-based stub file /System/Library/Frameworks//Foundation.framework/Foundation.tbd and library file /System/Library/Frameworks//Foundation.framework/Foundation are out of sync. Falling back to library file for linking.
ld: warning: text-based stub file /System/Library/Frameworks//CoreFoundation.framework/Versions/A/CoreFoundation.tbd and library file /System/Library/Frameworks//CoreFoundation.framework/Versions/A/CoreFoundation are out of sync. Falling back to library file for linking.
checked program was:
/* begin */
1: #include "ruby.h"
2: 
3: int main(int argc, char **argv)
4: {
5:   return 0;
6: }
/* end */

"clang -o conftest -I../../.ext/include/x86_64-darwin17 -I../.././include -I../.././ext/gdbm -D_XOPEN_SOURCE -D_DARWIN_C_SOURCE -D_DARWIN_UNLIMITED_SELECT -D_REENTRANT   -O3 -ggdb3 -Wall -Wextra -Wno-unused-parameter -Wno-parentheses -Wno-long-long -Wno-missing-field-initializers -Wno-tautological-compare -Wno-parentheses-equality -Wno-constant-logical-operand -Wno-self-assign -Wunused-variable -Wimplicit-int -Wpointer-arith -Wwrite-strings -Wdeclaration-after-statement -Wshorten-64-to-32 -Wimplicit-function-declaration -Wdivision-by-zero -Wdeprecated-declarations -Wextra-tokens  -pipe conftest.c  -L. -L../.. -L. -fstack-protector -L/usr/local/lib     -lruby.2.5.1-static -framework Foundation -lgdbm  -lpthread -lgmp -ldl -lobjc "
conftest.c:13:57: error: use of undeclared identifier 'gdbm_open'
int t(void) { void ((*volatile p)()); p = (void ((*)()))gdbm_open; return !p; }
                                                        ^
1 error generated.
checked program was:
/* begin */
 1: #include "ruby.h"
 2: 
 3: /*top*/
 4: extern int t(void);
 5: int main(int argc, char **argv)
 6: {
 7:   if (argc > 1000000) {
 8:     printf("%p", &t);
 9:   }
10: 
11:   return 0;
12: }
13: int t(void) { void ((*volatile p)()); p = (void ((*)()))gdbm_open; return !p; }
/* end */

"clang -o conftest -I../../.ext/include/x86_64-darwin17 -I../.././include -I../.././ext/gdbm -D_XOPEN_SOURCE -D_DARWIN_C_SOURCE -D_DARWIN_UNLIMITED_SELECT -D_REENTRANT   -O3 -ggdb3 -Wall -Wextra -Wno-unused-parameter -Wno-parentheses -Wno-long-long -Wno-missing-field-initializers -Wno-tautological-compare -Wno-parentheses-equality -Wno-constant-logical-operand -Wno-self-assign -Wunused-variable -Wimplicit-int -Wpointer-arith -Wwrite-strings -Wdeclaration-after-statement -Wshorten-64-to-32 -Wimplicit-function-declaration -Wdivision-by-zero -Wdeprecated-declarations -Wextra-tokens  -pipe conftest.c  -L. -L../.. -L. -fstack-protector -L/usr/local/lib     -lruby.2.5.1-static -framework Foundation -lgdbm  -lpthread -lgmp -ldl -lobjc "
ld: warning: text-based stub file /System/Library/Frameworks//Foundation.framework/Foundation.tbd and library file /System/Library/Frameworks//Foundation.framework/Foundation are out of sync. Falling back to library file for linking.
ld: warning: text-based stub file /System/Library/Frameworks//CoreFoundation.framework/Versions/A/CoreFoundation.tbd and library file /System/Library/Frameworks//CoreFoundation.framework/Versions/A/CoreFoundation are out of sync. Falling back to library file for linking.
checked program was:
/* begin */
 1: #include "ruby.h"
 2: 
 3: /*top*/
 4: extern int t(void);
 5: int main(int argc, char **argv)
 6: {
 7:   if (argc > 1000000) {
 8:     printf("%p", &t);
 9:   }
10: 
11:   return 0;
12: }
13: extern void gdbm_open();
14: int t(void) { gdbm_open(); return 0; }
/* end */

--------------------

have_header: checking for gdbm.h... -------------------- yes

"clang -E -I../../.ext/include/x86_64-darwin17 -I../.././include -I../.././ext/gdbm -D_XOPEN_SOURCE -D_DARWIN_C_SOURCE -D_DARWIN_UNLIMITED_SELECT -D_REENTRANT   -O3 -ggdb3 -Wall -Wextra -Wno-unused-parameter -Wno-parentheses -Wno-long-long -Wno-missing-field-initializers -Wno-tautological-compare -Wno-parentheses-equality -Wno-constant-logical-operand -Wno-self-assign -Wunused-variable -Wimplicit-int -Wpointer-arith -Wwrite-strings -Wdeclaration-after-statement -Wshorten-64-to-32 -Wimplicit-function-declaration -Wdivision-by-zero -Wdeprecated-declarations -Wextra-tokens  -pipe  conftest.c -o conftest.i"
checked program was:
/* begin */
1: #include "ruby.h"
2: 
3: #include <gdbm.h>
/* end */

--------------------

checking for sizeof(DBM) is available... -------------------- yes

"clang -I../../.ext/include/x86_64-darwin17 -I../.././include -I../.././ext/gdbm -D_XOPEN_SOURCE -D_DARWIN_C_SOURCE -D_DARWIN_UNLIMITED_SELECT -D_REENTRANT   -O3 -ggdb3 -Wall -Wextra -Wno-unused-parameter -Wno-parentheses -Wno-long-long -Wno-missing-field-initializers -Wno-tautological-compare -Wno-parentheses-equality -Wno-constant-logical-operand -Wno-self-assign -Wunused-variable -Wimplicit-int -Wpointer-arith -Wwrite-strings -Wdeclaration-after-statement -Wshorten-64-to-32 -Wimplicit-function-declaration -Wdivision-by-zero -Wdeprecated-declarations -Wextra-tokens  -pipe   -c conftest.c"
conftest.c:5:36: error: use of undeclared identifier 'DBM'
const int sizeof_DBM = (int)sizeof(DBM);
                                   ^
1 error generated.
checked program was:
/* begin */
1: #include "ruby.h"
2: 
3: #include <gdbm.h>
4: 
5: const int sizeof_DBM = (int)sizeof(DBM);
/* end */

--------------------

extconf.h is:
/* begin */
1: #ifndef EXTCONF_H
2: #define EXTCONF_H
3: #define HAVE_GDBM_H 1
4: #define DBM_SIZEOF_DBM 0
5: #endif
/* end */

